20230609	20:41:56	0ef16c53-1941-44ae-887e-4747c4f4ef86	GET	/test	undefined
20230609	20:47:55	5dd75b26-530e-45ca-9b84-269a31b40f7f	GET	/	undefined
20230609	20:47:59	687b220c-fb38-498b-ac9c-699205892108	GET	/	undefined
20230609	20:48:00	7fc335c6-4a62-4a5b-80fb-f8da14a6cc32	GET	/	undefined
20230609	20:48:01	f9630553-23c0-4fd6-b8b3-4b214e32e443	GET	/	undefined
20230609	20:48:06	3e6af7a5-21b6-4749-9cb5-e40f67287eda	GET	/	undefined
20230609	20:48:11	0ba42b47-1282-4e44-b25e-8c26821854d6	GET	/test	undefined
20230609	20:49:21	6a82e059-f5ae-47b8-bb64-d79e509e7401	GET	/test	undefined
20230609	20:49:21	3d28db36-4838-41be-9f58-5c90bf6eec06	GET	/css/style.css	undefined
20230609	20:49:31	c2d61843-26a9-428c-b932-331913d38009	GET	/css/style.css	undefined
20230609	20:52:41	1a66bcdf-5324-4fc2-a407-48209ec26843	GET	/test	undefined
20230609	20:52:41	3426378e-171f-46c0-a62f-32b0f4697974	GET	/css/style.css	undefined
20230609	20:52:44	258cc137-8bda-4daa-b648-88ebd10faed1	GET	/test	undefined
20230609	20:52:44	b047cc70-8a9b-4dac-b741-6d37d262b282	GET	/css/style.css	undefined
20230609	20:55:42	7065d591-9953-4609-94ad-4c852db95a59	GET	/test	undefined
20230609	20:55:42	c02ce309-4fe9-4f06-9f69-523e5da8f151	GET	/css/style.css	undefined
20230609	21:01:36	06e6cb11-e3cd-4722-b10a-691a0fa1723d	GET	/test	undefined
20230609	21:01:36	b98d3ec3-15a8-4614-ac50-af2ae3824dab	GET	/css/style.css	undefined
20230609	22:24:19	6ed88617-d8ea-417a-9a0b-94fb0db9eb99	GET	/test	undefined
20230609	22:24:19	5a13732d-5b68-487c-a013-c234ae338f8d	GET	/css/style.css	undefined
20230609	22:24:27	7f562edd-c611-4565-91dc-ce7d32e308a2	GET	/test	undefined
20230609	22:24:27	ce4ce3ec-955d-4121-ba88-20fef3ae2273	GET	/css/style.css	undefined
20230610	04:01:43	522b1901-eab7-4cbb-badb-2772ef682b1f	GET	/users	undefined
20230610	04:03:17	4a4e87d3-1efa-4530-b279-b7994f4a337a	GET	/	undefined
20230610	04:03:20	818c82dc-5563-4295-9b45-a56fdf2bf825	GET	/test	undefined
20230610	04:03:20	2f1534ee-ab06-4605-9e5d-2acca2d57ea9	GET	/css/style.css	undefined
20230610	04:03:23	5d06d9a6-916b-4ace-bd30-8d9714feb6da	GET	/users	undefined
20230610	04:03:23	ccb4280c-e757-44a3-8df9-c9214908898c	GET	/images/icons/gear.png	undefined
20230610	04:03:35	07449044-0898-4cd6-8195-9afe085d8ffa	GET	/users	undefined
20230610	04:03:35	0e1c9fcf-c567-4620-89c9-204d33340d06	GET	/images/icons/gear.png	undefined
20230610	04:03:37	fecaf5ed-60ce-4aea-92d3-d2da8d2e59c1	GET	/test	undefined
20230610	04:03:37	a73f412e-c951-448d-bcdd-dc3375566a7a	GET	/css/style.css	undefined
20230610	04:03:40	864d6e82-d9cb-443e-ba2a-b44ad6ba4153	GET	/users	undefined
20230610	04:04:53	a3869571-6100-4757-8195-229dc859fbe9	GET	/users	undefined
20230610	04:06:44	52e3813a-84ff-4c22-a320-4b679cbcdc10	POST	/users	undefined
20230610	04:07:34	d4266986-167c-4fec-9f20-218e9d789393	GET	/users	undefined
20230610	04:16:10	3bd0ddee-e50f-4c94-9124-95fefd56e15a	GET	/users	undefined
20230610	04:16:56	d0d632ad-6ed0-4bde-a75c-b403331b5a58	DELETE	/users	undefined
20230610	04:17:06	58b48d52-cd27-43c3-9481-8ac75eb7aa5e	GET	/users	undefined
20230610	04:18:02	2e4e4010-fbd0-460e-93fa-9b2f9f41ae76	GET	/users	undefined
20230610	04:18:03	28b616b6-ea37-48bf-98c2-dff2a7235db5	GET	/users	undefined
20230610	04:18:04	dc14b94f-8d74-4d7b-8958-df0688379823	GET	/users	undefined
20230610	04:18:05	b5398b50-ddc7-48d0-917e-a92d65c850a2	GET	/users	undefined
20230610	04:18:06	4da84a29-d9a6-4935-869e-503beca65d66	GET	/users	undefined
20230610	04:18:34	195fe837-63c9-4277-8a2f-b69350b9d2ec	GET	/users	undefined
20230610	04:19:40	ca93c51e-6fa3-4911-8ac5-500bbce14955	POST	/users	undefined
20230610	04:20:01	c02b6e06-caf0-44c2-acbe-cea2d4e526c2	PATCH	/users	undefined
20230610	04:21:25	32449e10-89bb-4a52-94cd-cc841c88d91b	PATCH	/users	undefined
20230610	04:21:47	afd513ac-94d9-43d2-9466-517b3499c592	PATCH	/users	undefined
20230610	04:22:36	1399be55-700a-49d8-91d2-6f201e97bdba	PATCH	/users	undefined
20230610	04:22:40	678e1e9e-c3a8-4421-bd2f-5a6541deeb46	PATCH	/users	undefined
20230610	04:23:03	012f7350-f8a0-47d5-8755-0ce47a7cc874	POST	/users	undefined
20230610	04:23:06	414374c5-4ea9-48e7-a4dc-62e642e33ca3	POST	/users	undefined
20230610	04:23:10	7f8586b2-9f02-4c5e-9834-561129ae7156	POST	/users	undefined
20230610	04:23:28	c902b741-69e9-49f2-a3a2-16a0f035fc98	POST	/users	undefined
20230610	04:23:49	d0b4f1ad-6bbc-49fa-815c-ee27ce715434	POST	/users	undefined
20230610	04:23:55	47fbf56e-7381-4e7e-8021-704dc7a3fc4f	POST	/users	undefined
20230610	04:23:59	ed94aeb6-c42b-4704-b758-bb40770e054d	POST	/users	undefined
20230610	04:24:06	7cfafb33-5cc7-4363-9ffb-92bd37c1874f	POST	/users	undefined
20230610	04:25:18	54406ad6-3bad-4382-b23f-c11732539d1f	POST	/users	undefined
20230610	04:25:27	392a8ec1-20db-4b6a-8321-9ba28e1f1d81	POST	/users	undefined
20230610	04:30:59	2af6116c-82ee-427f-81cd-40ce65ecf5a0	GET	/users	undefined
20230610	04:32:00	1b935762-5983-4b73-9656-d7282d071eba	GET	/users	undefined
20230610	04:32:07	b0e677fd-2836-47cc-9cbe-0b967bc27bc6	PATCH	/users	undefined
20230610	04:33:08	ed34e20d-640f-449c-8c1e-b5d78245845f	PATCH	/users	undefined
20230610	04:33:09	b43c0da3-d531-46ad-8c22-0b369ec574b2	PATCH	/users	undefined
20230610	04:33:10	8047701b-309c-46fe-9322-33e83f3c3573	PATCH	/users	undefined
20230610	04:33:10	fd27c61c-ef27-4f78-a1f7-eb394049210b	PATCH	/users	undefined
20230610	04:33:47	cdacf2d3-7346-43e3-954c-7b4d83867cad	PATCH	/users	undefined
20230610	04:34:39	ea1e4407-7b5f-4f99-b9c3-47e207e4b7fa	GET	/users	undefined
20230610	04:34:51	b2f272a2-9759-4118-80ce-2058148646c5	PATCH	/users	undefined
20230610	04:34:56	7f6dc9c3-4cbb-4966-8690-f88640d0c49c	PATCH	/users	undefined
20230610	04:34:59	6383c952-9cd8-4003-856a-9c718d58252f	GET	/users	undefined
20230610	04:36:33	1f75eae2-a362-4675-96fa-fb9d596c7c7c	PATCH	/users	undefined
20230610	04:37:26	ca9d6a34-7d7a-4bf8-96f9-2a0034828e0b	PATCH	/users	undefined
20230610	04:37:30	077e5937-b240-49df-bdc0-f13461f31dd0	GET	/users	undefined
20230610	04:37:44	32d62389-03b4-402c-9ed2-ad0a3d785bc1	PATCH	/users	undefined
20230610	04:38:01	4b413430-eaba-4db8-9dbe-a18097319f1a	PATCH	/users	undefined
20230610	04:38:33	109b7e46-cc51-4fdb-ba56-7d920dbbc485	PATCH	/users	undefined
20230610	04:38:36	84945957-f496-4801-8bc2-7479741b0493	GET	/users	undefined
20230610	04:38:44	15b4a2ed-a307-42cb-8ac6-5260248c8d0c	GET	/users	undefined
20230610	04:38:49	67c2a02d-a430-41a3-a070-2c014f63566d	PATCH	/users	undefined
20230610	04:38:53	a0569532-9f4e-4468-b04c-b18603f6682c	GET	/users	undefined
20230610	04:39:43	afba20de-d31e-438d-9a86-326dcdb9c44b	POST	/users	undefined
20230610	04:39:51	4b8166b7-68c2-4e2b-8100-d388179452ca	GET	/users	undefined
20230610	04:40:13	220c1deb-9ecb-4ae4-b724-aa89706f1e51	PATCH	/users	undefined
20230610	04:40:21	9c4a8139-11ae-47d8-8bae-68c6aa0253bc	PATCH	/users	undefined
20230610	04:40:40	9bfc09f6-7cdd-4b70-a356-4ff6630e1aa1	GET	/users	undefined
20230610	04:43:24	b2299161-f73d-49db-80f9-81964401fdd3	PATCH	/users	undefined
20230610	04:43:30	66926398-631f-4d55-a25f-811ec896139a	GET	/users	undefined
20230610	04:43:55	b87e62a9-3bcf-4410-bc06-b9a759428d9d	DELETE	/users	undefined
20230610	04:44:00	266a4fa5-baf7-4929-abb7-d9d07f286a91	DELETE	/users	undefined
20230610	04:44:05	31c50daf-e514-4756-bdcd-9f0a488781e7	GET	/users	undefined
20230610	04:44:23	a18a52e7-9e77-4961-abb6-bc7ab1dfeda3	GET	/users	undefined
20230610	04:44:27	a537f1e1-64ee-46c1-ab96-b6f375c6e71a	PATCH	/users	undefined
20230610	04:44:30	3fc217c1-aaff-4c7d-9b52-6f68111f763b	PATCH	/users	undefined
20230610	04:48:36	96106ea6-bb19-4029-8145-c1c0a85f6fc1	GET	/users	undefined
20230610	04:48:47	b164bcbb-090d-451e-9206-6ccdad840fe1	DELETE	/users	undefined
20230610	04:48:52	6b07e3ec-1e30-4f28-baeb-176f0af634cf	DELETE	/users	undefined
20230610	04:48:54	501cb52d-b182-46c9-8008-4063ebd8c8c9	DELETE	/users	undefined
20230610	04:48:55	c18745f2-d868-421a-b7ce-ce150d6781f3	DELETE	/users	undefined
20230610	04:49:45	1118f026-48c4-4f57-a0d8-fe684b62b889	DELETE	/users	undefined
20230610	04:49:46	d74e01e7-65ca-4150-b604-a2a9a19d1318	DELETE	/users	undefined
20230610	05:15:55	a31bcfae-fdb9-431a-8599-2a7068aa2658	DELETE	/users	undefined
20230610	05:15:56	a0adeb64-17a3-47e7-b148-319ebcbe852f	DELETE	/users	undefined
20230610	05:16:00	44e23b58-1e5d-4699-a374-d85bb866104b	DELETE	/users	undefined
20230610	05:16:08	e67ebacf-d3af-469a-9fe5-0f353338bd92	GET	/users	undefined
20230610	05:16:24	210215e6-17d2-4cb9-a5e4-3e84dc3ec10c	DELETE	/users	undefined
20230610	05:16:28	7531deb4-fa3d-4353-8413-96a57c1fb644	DELETE	/users	undefined
20230610	05:17:01	2edf1d43-df6e-4095-9f85-60157acd413a	DELETE	/users	undefined
20230610	05:17:02	5fff8da7-bb49-4683-ac51-5d78c842be57	DELETE	/users	undefined
20230610	05:18:13	efe1f37f-8f1a-4a37-87ad-1768f4c3e906	DELETE	/users	undefined
20230610	05:19:01	2f2f6c27-654c-45fa-9970-83621020dc16	DELETE	/users	undefined
20230610	05:19:06	61d5af42-b8dd-4fbb-a216-8da1533f2bfc	DELETE	/users	undefined
20230610	05:21:55	b8c25dc9-7d67-43c3-bb86-9219407e5e49	DELETE	/users	undefined
20230610	05:21:57	c0a572a6-cb54-445e-9f68-bd458dfa1d5d	DELETE	/users	undefined
20230610	05:22:11	47debc16-5885-4552-89d9-96343af16a59	DELETE	/users	undefined
20230610	05:22:29	a87bd174-1081-4a40-9eb0-fbe252d1efa9	DELETE	/users	undefined
20230610	05:22:32	40d6d7b7-eab1-425b-ba08-defcb7926755	DELETE	/users	undefined
20230610	05:23:13	1e8c77e4-d963-490d-9689-3f2da0955e02	DELETE	/users	undefined
20230610	05:23:14	1671ff55-09b4-4cfa-8f48-73a549e25edb	DELETE	/users	undefined
20230610	05:24:14	caa0380e-fa7c-4f93-943b-388c2df5f80c	DELETE	/users	undefined
20230610	05:24:25	c0c56b09-79c7-4196-9cff-117b389f7cea	DELETE	/users	undefined
20230610	05:24:30	6d8838d3-d4b9-4786-9456-0ddad05df45d	DELETE	/users	undefined
20230610	05:24:32	275a5e75-4afa-407f-a971-dcafade5dd36	GET	/users	undefined
20230610	05:24:51	1db27a5f-c1bb-442a-86ad-b9ab5bf593c9	GET	/users	undefined
20230610	05:24:57	d7062d18-2dba-4378-85c5-4c74cf7408e5	GET	/users	undefined
20230610	05:25:03	1fd8ffde-063b-4e7d-8e01-ee5e8021aa4a	DELETE	/users	undefined
20230610	05:25:09	49c82506-d284-4d49-8397-992df98184af	DELETE	/users	undefined
20230610	05:25:12	cdf375c5-b294-40ff-8627-b1750d037a01	DELETE	/users	undefined
20230610	05:25:24	39acf6c2-ec4a-409f-8035-995fb42ddae8	GET	/users	undefined
20230610	05:25:37	b5d59d75-a73c-4bc2-a09a-c49f245b0f1d	DELETE	/users	undefined
20230610	05:26:15	0ae5d10b-799b-4465-980a-35d755223ca6	POST	/users	undefined
20230610	05:26:27	d698f4dc-d931-42f4-9a05-f24c7a6c2bac	POST	/users	undefined
20230610	05:26:34	bd8473d2-d852-4acb-a0ad-870302094fee	POST	/users	undefined
20230610	05:26:40	3be40163-599d-423e-b67c-7429432e5bfe	GET	/users	undefined
20230610	05:26:56	8879ade8-4928-4692-b28e-d4141620f117	DELETE	/users	undefined
20230610	05:27:00	07c6f2d5-5c9b-45d8-b9fc-48697acbca66	DELETE	/users	undefined
20230610	05:28:02	511e0c94-ce62-4a3c-8f71-40003ff31747	DELETE	/users	undefined
20230610	05:28:17	8c6bf301-84f6-4dd4-943a-c79028f99a59	DELETE	/users	undefined
20230610	05:28:41	f81b43c7-fb26-436c-8142-cab17f43588b	DELETE	/users	undefined
20230610	05:34:22	6463505b-2295-4e31-b496-3b77eb37dcac	DELETE	/users	undefined
20230610	05:34:25	9c708f11-bf91-45c6-bd2b-08bbf1c7a866	DELETE	/users	undefined
20230610	05:34:29	54243a71-c470-407b-a72c-6e07c4a83129	GET	/users	undefined
20230610	05:44:17	af3ea5b0-0949-46e3-91ea-75ca969c169d	GET	/users	undefined
20230610	05:44:25	eaea6330-90d3-4426-b41f-467f3fda9893	GET	/users	undefined
20230610	05:44:28	e3b3754e-0189-4976-ba9b-6408a9ecd6e2	DELETE	/users	undefined
20230610	05:44:36	078bacda-acd6-4440-bd72-20cf09567cdb	DELETE	/users	undefined
20230610	05:44:40	1232a552-bafd-4141-b1ad-bbc4cc9c4cdb	DELETE	/users	undefined
20230610	05:45:22	c589a849-b15a-4a77-9c6c-a87efda0e308	DELETE	/users	undefined
20230610	05:45:28	debb1cc2-8bac-4a0b-b776-1d0c98a8f6c2	DELETE	/users	undefined
20230610	05:45:37	2a380473-3072-4b03-9171-4c3dad1fcee7	DELETE	/users	undefined
20230610	05:45:55	49d73813-92fb-4392-99f9-be042063d99c	GET	/users	undefined
20230610	05:46:55	edee381d-324e-4f43-9c87-c814a596219f	GET	/users	undefined
20230610	05:46:58	e983fa4a-407c-494c-8cdb-ad709418a99e	DELETE	/users	undefined
20230610	05:47:04	a021dd9e-366b-4725-a33d-b5c085ebe00f	DELETE	/users	undefined
20230610	05:47:07	ec1f4f61-549f-4af8-8781-6568ff4c2542	DELETE	/users	undefined
20230610	05:49:28	886a72e4-d7ee-4e61-88f2-78a961d7625a	POST	/users	undefined
20230610	05:49:43	5ee27afe-32b9-471c-bd05-67ab7e5ff77c	GET	/users	undefined
